# JRE version: Java(TM) SE Runtime Environment (17.0.12+8) (build 17.0.12+8-LTS-286)
# Java VM: Java HotSpot(TM) 64-Bit Server VM (17.0.12+8-LTS-286, mixed mode, emulated-client, sharing, tiered, compressed oops, compressed class ptrs, serial gc, windows-amd64)
GC Precious Log:
 CPUs: 12 total, 12 available
 Memory: 16228M
 Large Page Support: Disabled
 NUMA Support: Disabled
 Compressed Oops: Enabled (32-bit)
 Heap Min Capacity: 64M
 Heap Initial Capacity: 64M
 Heap Max Capacity: 128M
 Pre-touch: Disabled
Heap:
 def new generation   total 19712K, used 13695K [0x00000000f8000000, 0x00000000f9560000, 0x00000000faaa0000)
  eden space 17536K,  73% used [0x00000000f8000000, 0x00000000f8c95b90, 0x00000000f9120000)
  from space 2176K,  37% used [0x00000000f9340000, 0x00000000f940a468, 0x00000000f9560000)
  to   space 2176K,   0% used [0x00000000f9120000, 0x00000000f9120000, 0x00000000f9340000)
 tenured generation   total 43712K, used 18154K [0x00000000faaa0000, 0x00000000fd550000, 0x0000000100000000)
   the space 43712K,  41% used [0x00000000faaa0000, 0x00000000fbc5a9a8, 0x00000000fbc5aa00, 0x00000000fd550000)
 Metaspace       used 33904K, committed 34304K, reserved 147456K
  class space    used 4799K, committed 4992K, reserved 81920K
GC Heap History (20 events):
Event: 0.862 GC heap before
{Heap before GC invocations=1 (full 0):
 def new generation   total 19648K, used 19592K [0x00000000f8000000, 0x00000000f9550000, 0x00000000faaa0000)
  eden space 17472K,  99% used [0x00000000f8000000, 0x00000000f9102098, 0x00000000f9110000)
  from space 2176K, 100% used [0x00000000f9330000, 0x00000000f9550000, 0x00000000f9550000)
  to   space 2176K,   0% used [0x00000000f9110000, 0x00000000f9110000, 0x00000000f9330000)
 tenured generation   total 43712K, used 3807K [0x00000000faaa0000, 0x00000000fd550000, 0x0000000100000000)
   the space 43712K,   8% used [0x00000000faaa0000, 0x00000000fae57e20, 0x00000000fae58000, 0x00000000fd550000)
 Metaspace       used 7296K, committed 7552K, reserved 147456K
  class space    used 1053K, committed 1152K, reserved 81920K
}
Event: 0.874 GC heap after
{Heap after GC invocations=2 (full 0):
 def new generation   total 19648K, used 1429K [0x00000000f8000000, 0x00000000f9550000, 0x00000000faaa0000)
  eden space 17472K,   0% used [0x00000000f8000000, 0x00000000f8000000, 0x00000000f9110000)
  from space 2176K,  65% used [0x00000000f9110000, 0x00000000f9275670, 0x00000000f9330000)
  to   space 2176K,   0% used [0x00000000f9330000, 0x00000000f9330000, 0x00000000f9550000)
 tenured generation   total 43712K, used 5951K [0x00000000faaa0000, 0x00000000fd550000, 0x0000000100000000)
   the space 43712K,  13% used [0x00000000faaa0000, 0x00000000fb06fca0, 0x00000000fb06fe00, 0x00000000fd550000)
 Metaspace       used 7296K, committed 7552K, reserved 147456K
  class space    used 1053K, committed 1152K, reserved 81920K
}
Event: 1.059 GC heap before
{Heap before GC invocations=2 (full 0):
 def new generation   total 19648K, used 18901K [0x00000000f8000000, 0x00000000f9550000, 0x00000000faaa0000)
  eden space 17472K, 100% used [0x00000000f8000000, 0x00000000f9110000, 0x00000000f9110000)
  from space 2176K,  65% used [0x00000000f9110000, 0x00000000f9275670, 0x00000000f9330000)
  to   space 2176K,   0% used [0x00000000f9330000, 0x00000000f9330000, 0x00000000f9550000)
 tenured generation   total 43712K, used 5951K [0x00000000faaa0000, 0x00000000fd550000, 0x0000000100000000)
   the space 43712K,  13% used [0x00000000faaa0000, 0x00000000fb06fca0, 0x00000000fb06fe00, 0x00000000fd550000)
 Metaspace       used 11539K, committed 11776K, reserved 147456K
  class space    used 1548K, committed 1664K, reserved 81920K
}
Event: 1.064 GC heap after
{Heap after GC invocations=3 (full 0):
 def new generation   total 19648K, used 1327K [0x00000000f8000000, 0x00000000f9550000, 0x00000000faaa0000)
  eden space 17472K,   0% used [0x00000000f8000000, 0x00000000f8000000, 0x00000000f9110000)
  from space 2176K,  61% used [0x00000000f9330000, 0x00000000f947bec0, 0x00000000f9550000)
  to   space 2176K,   0% used [0x00000000f9110000, 0x00000000f9110000, 0x00000000f9330000)
 tenured generation   total 43712K, used 7281K [0x00000000faaa0000, 0x00000000fd550000, 0x0000000100000000)
   the space 43712K,  16% used [0x00000000faaa0000, 0x00000000fb1bc620, 0x00000000fb1bc800, 0x00000000fd550000)
 Metaspace       used 11539K, committed 11776K, reserved 147456K
  class space    used 1548K, committed 1664K, reserved 81920K
}
Event: 1.232 GC heap before
{Heap before GC invocations=3 (full 0):
 def new generation   total 19648K, used 18799K [0x00000000f8000000, 0x00000000f9550000, 0x00000000faaa0000)
  eden space 17472K, 100% used [0x00000000f8000000, 0x00000000f9110000, 0x00000000f9110000)
  from space 2176K,  61% used [0x00000000f9330000, 0x00000000f947bec0, 0x00000000f9550000)
  to   space 2176K,   0% used [0x00000000f9110000, 0x00000000f9110000, 0x00000000f9330000)
 tenured generation   total 43712K, used 7281K [0x00000000faaa0000, 0x00000000fd550000, 0x0000000100000000)
   the space 43712K,  16% used [0x00000000faaa0000, 0x00000000fb1bc620, 0x00000000fb1bc800, 0x00000000fd550000)
 Metaspace       used 14594K, committed 14848K, reserved 147456K
  class space    used 1977K, committed 2112K, reserved 81920K
}
Event: 1.238 GC heap after
{Heap after GC invocations=4 (full 0):
 def new generation   total 19648K, used 1663K [0x00000000f8000000, 0x00000000f9550000, 0x00000000faaa0000)
  eden space 17472K,   0% used [0x00000000f8000000, 0x00000000f8000000, 0x00000000f9110000)
  from space 2176K,  76% used [0x00000000f9110000, 0x00000000f92afdf0, 0x00000000f9330000)
  to   space 2176K,   0% used [0x00000000f9330000, 0x00000000f9330000, 0x00000000f9550000)
 tenured generation   total 43712K, used 8583K [0x00000000faaa0000, 0x00000000fd550000, 0x0000000100000000)
   the space 43712K,  19% used [0x00000000faaa0000, 0x00000000fb301dd0, 0x00000000fb301e00, 0x00000000fd550000)
 Metaspace       used 14594K, committed 14848K, reserved 147456K
  class space    used 1977K, committed 2112K, reserved 81920K
}
Event: 1.461 GC heap before
{Heap before GC invocations=4 (full 0):
 def new generation   total 19648K, used 19135K [0x00000000f8000000, 0x00000000f9550000, 0x00000000faaa0000)
  eden space 17472K, 100% used [0x00000000f8000000, 0x00000000f9110000, 0x00000000f9110000)
  from space 2176K,  76% used [0x00000000f9110000, 0x00000000f92afdf0, 0x00000000f9330000)
  to   space 2176K,   0% used [0x00000000f9330000, 0x00000000f9330000, 0x00000000f9550000)
 tenured generation   total 43712K, used 8583K [0x00000000faaa0000, 0x00000000fd550000, 0x0000000100000000)
   the space 43712K,  19% used [0x00000000faaa0000, 0x00000000fb301dd0, 0x00000000fb301e00, 0x00000000fd550000)
 Metaspace       used 16392K, committed 16640K, reserved 147456K
  class space    used 2218K, committed 2304K, reserved 81920K
}
Event: 1.467 GC heap after
{Heap after GC invocations=5 (full 0):
 def new generation   total 19648K, used 2148K [0x00000000f8000000, 0x00000000f9550000, 0x00000000faaa0000)
  eden space 17472K,   0% used [0x00000000f8000000, 0x00000000f8000000, 0x00000000f9110000)
  from space 2176K,  98% used [0x00000000f9330000, 0x00000000f9549078, 0x00000000f9550000)
  to   space 2176K,   0% used [0x00000000f9110000, 0x00000000f9110000, 0x00000000f9330000)
 tenured generation   total 43712K, used 10194K [0x00000000faaa0000, 0x00000000fd550000, 0x0000000100000000)
   the space 43712K,  23% used [0x00000000faaa0000, 0x00000000fb494868, 0x00000000fb494a00, 0x00000000fd550000)
 Metaspace       used 16392K, committed 16640K, reserved 147456K
  class space    used 2218K, committed 2304K, reserved 81920K
}
Event: 1.693 GC heap before
{Heap before GC invocations=5 (full 0):
 def new generation   total 19648K, used 19620K [0x00000000f8000000, 0x00000000f9550000, 0x00000000faaa0000)
  eden space 17472K, 100% used [0x00000000f8000000, 0x00000000f9110000, 0x00000000f9110000)
  from space 2176K,  98% used [0x00000000f9330000, 0x00000000f9549078, 0x00000000f9550000)
  to   space 2176K,   0% used [0x00000000f9110000, 0x00000000f9110000, 0x00000000f9330000)
 tenured generation   total 43712K, used 10194K [0x00000000faaa0000, 0x00000000fd550000, 0x0000000100000000)
   the space 43712K,  23% used [0x00000000faaa0000, 0x00000000fb494868, 0x00000000fb494a00, 0x00000000fd550000)
 Metaspace       used 18253K, committed 18496K, reserved 147456K
  class space    used 2471K, committed 2560K, reserved 81920K
}
Event: 1.698 GC heap after
{Heap after GC invocations=6 (full 0):
 def new generation   total 19648K, used 1216K [0x00000000f8000000, 0x00000000f9550000, 0x00000000faaa0000)
  eden space 17472K,   0% used [0x00000000f8000000, 0x00000000f8000000, 0x00000000f9110000)
  from space 2176K,  55% used [0x00000000f9110000, 0x00000000f92400c0, 0x00000000f9330000)
  to   space 2176K,   0% used [0x00000000f9330000, 0x00000000f9330000, 0x00000000f9550000)
 tenured generation   total 43712K, used 12250K [0x00000000faaa0000, 0x00000000fd550000, 0x0000000100000000)
   the space 43712K,  28% used [0x00000000faaa0000, 0x00000000fb696a50, 0x00000000fb696c00, 0x00000000fd550000)
 Metaspace       used 18253K, committed 18496K, reserved 147456K
  class space    used 2471K, committed 2560K, reserved 81920K
}
Event: 1.939 GC heap before
{Heap before GC invocations=6 (full 0):
 def new generation   total 19648K, used 18688K [0x00000000f8000000, 0x00000000f9550000, 0x00000000faaa0000)
  eden space 17472K, 100% used [0x00000000f8000000, 0x00000000f9110000, 0x00000000f9110000)
  from space 2176K,  55% used [0x00000000f9110000, 0x00000000f92400c0, 0x00000000f9330000)
  to   space 2176K,   0% used [0x00000000f9330000, 0x00000000f9330000, 0x00000000f9550000)
 tenured generation   total 43712K, used 12250K [0x00000000faaa0000, 0x00000000fd550000, 0x0000000100000000)
   the space 43712K,  28% used [0x00000000faaa0000, 0x00000000fb696a50, 0x00000000fb696c00, 0x00000000fd550000)
 Metaspace       used 20160K, committed 20480K, reserved 147456K
  class space    used 2771K, committed 2944K, reserved 81920K
}
Event: 1.943 GC heap after
{Heap after GC invocations=7 (full 0):
 def new generation   total 19648K, used 1337K [0x00000000f8000000, 0x00000000f9550000, 0x00000000faaa0000)
  eden space 17472K,   0% used [0x00000000f8000000, 0x00000000f8000000, 0x00000000f9110000)
  from space 2176K,  61% used [0x00000000f9330000, 0x00000000f947e750, 0x00000000f9550000)
  to   space 2176K,   0% used [0x00000000f9110000, 0x00000000f9110000, 0x00000000f9330000)
 tenured generation   total 43712K, used 13444K [0x00000000faaa0000, 0x00000000fd550000, 0x0000000100000000)
   the space 43712K,  30% used [0x00000000faaa0000, 0x00000000fb7c1158, 0x00000000fb7c1200, 0x00000000fd550000)
 Metaspace       used 20160K, committed 20480K, reserved 147456K
  class space    used 2771K, committed 2944K, reserved 81920K
}
Event: 2.046 GC heap before
{Heap before GC invocations=7 (full 0):
 def new generation   total 19648K, used 7005K [0x00000000f8000000, 0x00000000f9550000, 0x00000000faaa0000)
  eden space 17472K,  32% used [0x00000000f8000000, 0x00000000f8588ce0, 0x00000000f9110000)
  from space 2176K,  61% used [0x00000000f9330000, 0x00000000f947e750, 0x00000000f9550000)
  to   space 2176K,   0% used [0x00000000f9110000, 0x00000000f9110000, 0x00000000f9330000)
 tenured generation   total 43712K, used 13444K [0x00000000faaa0000, 0x00000000fd550000, 0x0000000100000000)
   the space 43712K,  30% used [0x00000000faaa0000, 0x00000000fb7c1158, 0x00000000fb7c1200, 0x00000000fd550000)
 Metaspace       used 21211K, committed 21504K, reserved 147456K
  class space    used 2926K, committed 3072K, reserved 81920K
}
Event: 2.070 GC heap after
{Heap after GC invocations=8 (full 1):
 def new generation   total 19712K, used 0K [0x00000000f8000000, 0x00000000f9560000, 0x00000000faaa0000)
  eden space 17536K,   0% used [0x00000000f8000000, 0x00000000f8000000, 0x00000000f9120000)
  from space 2176K,   0% used [0x00000000f9120000, 0x00000000f9120000, 0x00000000f9340000)
  to   space 2176K,   0% used [0x00000000f9340000, 0x00000000f9340000, 0x00000000f9560000)
 tenured generation   total 43712K, used 15077K [0x00000000faaa0000, 0x00000000fd550000, 0x0000000100000000)
   the space 43712K,  34% used [0x00000000faaa0000, 0x00000000fb9596a0, 0x00000000fb959800, 0x00000000fd550000)
 Metaspace       used 21211K, committed 21504K, reserved 147456K
  class space    used 2926K, committed 3072K, reserved 81920K
}
Event: 2.325 GC heap before
{Heap before GC invocations=8 (full 1):
 def new generation   total 19712K, used 17536K [0x00000000f8000000, 0x00000000f9560000, 0x00000000faaa0000)
  eden space 17536K, 100% used [0x00000000f8000000, 0x00000000f9120000, 0x00000000f9120000)
  from space 2176K,   0% used [0x00000000f9120000, 0x00000000f9120000, 0x00000000f9340000)
  to   space 2176K,   0% used [0x00000000f9340000, 0x00000000f9340000, 0x00000000f9560000)
 tenured generation   total 43712K, used 15077K [0x00000000faaa0000, 0x00000000fd550000, 0x0000000100000000)
   the space 43712K,  34% used [0x00000000faaa0000, 0x00000000fb9596a0, 0x00000000fb959800, 0x00000000fd550000)
 Metaspace       used 23743K, committed 24128K, reserved 147456K
  class space    used 3362K, committed 3584K, reserved 81920K
}
Event: 2.329 GC heap after
{Heap after GC invocations=9 (full 1):
 def new generation   total 19712K, used 2003K [0x00000000f8000000, 0x00000000f9560000, 0x00000000faaa0000)
  eden space 17536K,   0% used [0x00000000f8000000, 0x00000000f8000000, 0x00000000f9120000)
  from space 2176K,  92% used [0x00000000f9340000, 0x00000000f9534e70, 0x00000000f9560000)
  to   space 2176K,   0% used [0x00000000f9120000, 0x00000000f9120000, 0x00000000f9340000)
 tenured generation   total 43712K, used 15077K [0x00000000faaa0000, 0x00000000fd550000, 0x0000000100000000)
   the space 43712K,  34% used [0x00000000faaa0000, 0x00000000fb9596a0, 0x00000000fb959800, 0x00000000fd550000)
 Metaspace       used 23743K, committed 24128K, reserved 147456K
  class space    used 3362K, committed 3584K, reserved 81920K
}
Event: 2.684 GC heap before
{Heap before GC invocations=9 (full 1):
 def new generation   total 19712K, used 19539K [0x00000000f8000000, 0x00000000f9560000, 0x00000000faaa0000)
  eden space 17536K, 100% used [0x00000000f8000000, 0x00000000f9120000, 0x00000000f9120000)
  from space 2176K,  92% used [0x00000000f9340000, 0x00000000f9534e70, 0x00000000f9560000)
  to   space 2176K,   0% used [0x00000000f9120000, 0x00000000f9120000, 0x00000000f9340000)
 tenured generation   total 43712K, used 15077K [0x00000000faaa0000, 0x00000000fd550000, 0x0000000100000000)
   the space 43712K,  34% used [0x00000000faaa0000, 0x00000000fb9596a0, 0x00000000fb959800, 0x00000000fd550000)
 Metaspace       used 27086K, committed 27520K, reserved 147456K
  class space    used 3780K, committed 4032K, reserved 81920K
}
Event: 2.692 GC heap after
{Heap after GC invocations=10 (full 1):
 def new generation   total 19712K, used 1149K [0x00000000f8000000, 0x00000000f9560000, 0x00000000faaa0000)
  eden space 17536K,   0% used [0x00000000f8000000, 0x00000000f8000000, 0x00000000f9120000)
  from space 2176K,  52% used [0x00000000f9120000, 0x00000000f923f7f0, 0x00000000f9340000)
  to   space 2176K,   0% used [0x00000000f9340000, 0x00000000f9340000, 0x00000000f9560000)
 tenured generation   total 43712K, used 17027K [0x00000000faaa0000, 0x00000000fd550000, 0x0000000100000000)
   the space 43712K,  38% used [0x00000000faaa0000, 0x00000000fbb40f18, 0x00000000fbb41000, 0x00000000fd550000)
 Metaspace       used 27086K, committed 27520K, reserved 147456K
  class space    used 3780K, committed 4032K, reserved 81920K
}
Event: 2.974 GC heap before
{Heap before GC invocations=10 (full 1):
 def new generation   total 19712K, used 18685K [0x00000000f8000000, 0x00000000f9560000, 0x00000000faaa0000)
  eden space 17536K, 100% used [0x00000000f8000000, 0x00000000f9120000, 0x00000000f9120000)
  from space 2176K,  52% used [0x00000000f9120000, 0x00000000f923f7f0, 0x00000000f9340000)
  to   space 2176K,   0% used [0x00000000f9340000, 0x00000000f9340000, 0x00000000f9560000)
 tenured generation   total 43712K, used 17027K [0x00000000faaa0000, 0x00000000fd550000, 0x0000000100000000)
   the space 43712K,  38% used [0x00000000faaa0000, 0x00000000fbb40f18, 0x00000000fbb41000, 0x00000000fd550000)
 Metaspace       used 30963K, committed 31424K, reserved 147456K
  class space    used 4352K, committed 4544K, reserved 81920K
}
Event: 2.978 GC heap after
{Heap after GC invocations=11 (full 1):
 def new generation   total 19712K, used 809K [0x00000000f8000000, 0x00000000f9560000, 0x00000000faaa0000)
  eden space 17536K,   0% used [0x00000000f8000000, 0x00000000f8000000, 0x00000000f9120000)
  from space 2176K,  37% used [0x00000000f9340000, 0x00000000f940a468, 0x00000000f9560000)
  to   space 2176K,   0% used [0x00000000f9120000, 0x00000000f9120000, 0x00000000f9340000)
 tenured generation   total 43712K, used 18154K [0x00000000faaa0000, 0x00000000fd550000, 0x0000000100000000)
   the space 43712K,  41% used [0x00000000faaa0000, 0x00000000fbc5a9a8, 0x00000000fbc5aa00, 0x00000000fd550000)
 Metaspace       used 30963K, committed 31424K, reserved 147456K
  class space    used 4352K, committed 4544K, reserved 81920K
}

