# JRE version: OpenJDK Runtime Environment Temurin-21.0.10+7 (21.0.10+7) (build 21.0.10+7-LTS)
# Java VM: OpenJDK 64-Bit Server VM Temurin-21.0.10+7 (21.0.10+7-LTS, mixed mode, sharing, tiered, compressed oops, compressed class ptrs, parallel gc, windows-amd64)
GC Precious Log:
 CardTable entry size: 512
 CPUs: 12 total, 12 available
 Memory: 16160M
 Large Page Support: Disabled
 NUMA Support: Disabled
 Compressed Oops: Enabled (32-bit)
 Alignments: Space 512K, Generation 512K, Heap 2M
 Heap Min Capacity: 100M
 Heap Initial Capacity: 100M
 Heap Max Capacity: 2G
 Pre-touch: Disabled
 Parallel Workers: 10
Heap:
 PSYoungGen      total 20480K, used 19481K [0x00000000d5580000, 0x00000000d6e00000, 0x0000000100000000)
  eden space 19456K, 95% used [0x00000000d5580000,0x00000000d67ba5c8,0x00000000d6880000)
  from space 1024K, 79% used [0x00000000d6b00000,0x00000000d6bcc010,0x00000000d6c00000)
  to   space 2560K, 0% used [0x00000000d6880000,0x00000000d6880000,0x00000000d6b00000)
 ParOldGen       total 614912K, used 28952K [0x0000000080000000, 0x00000000a5880000, 0x00000000d5580000)
  object space 614912K, 4% used [0x0000000080000000,0x0000000081c46120,0x00000000a5880000)
 Metaspace       used 45294K, committed 46336K, reserved 1114112K
  class space    used 4914K, committed 5376K, reserved 1048576K
GC Heap History (20 events):
Event: 13.769 GC heap before
{Heap before GC invocations=381 (full 1):
 PSYoungGen      total 21504K, used 3992K [0x00000000d5580000, 0x00000000d6f00000, 0x0000000100000000)
  eden space 19968K, 12% used [0x00000000d5580000,0x00000000d57e6020,0x00000000d6900000)
  from space 1536K, 100% used [0x00000000d6900000,0x00000000d6a80000,0x00000000d6a80000)
  to   space 3072K, 0% used [0x00000000d6c00000,0x00000000d6c00000,0x00000000d6f00000)
 ParOldGen       total 614912K, used 24804K [0x0000000080000000, 0x00000000a5880000, 0x00000000d5580000)
  object space 614912K, 4% used [0x0000000080000000,0x00000000818393b0,0x00000000a5880000)
 Metaspace       used 34783K, committed 35840K, reserved 1114112K
  class space    used 3592K, committed 4096K, reserved 1048576K
}
Event: 13.770 GC heap after
{Heap after GC invocations=381 (full 1):
 PSYoungGen      total 20480K, used 320K [0x00000000d5580000, 0x00000000d6c80000, 0x0000000100000000)
  eden space 19968K, 0% used [0x00000000d5580000,0x00000000d5580000,0x00000000d6900000)
  from space 512K, 62% used [0x00000000d6c00000,0x00000000d6c50000,0x00000000d6c80000)
  to   space 1536K, 0% used [0x00000000d6980000,0x00000000d6980000,0x00000000d6b00000)
 ParOldGen       total 614912K, used 26268K [0x0000000080000000, 0x00000000a5880000, 0x00000000d5580000)
  object space 614912K, 4% used [0x0000000080000000,0x00000000819a73c0,0x00000000a5880000)
 Metaspace       used 34783K, committed 35840K, reserved 1114112K
  class space    used 3592K, committed 4096K, reserved 1048576K
}
Event: 13.770 GC heap before
{Heap before GC invocations=382 (full 2):
 PSYoungGen      total 20480K, used 320K [0x00000000d5580000, 0x00000000d6c80000, 0x0000000100000000)
  eden space 19968K, 0% used [0x00000000d5580000,0x00000000d5580000,0x00000000d6900000)
  from space 512K, 62% used [0x00000000d6c00000,0x00000000d6c50000,0x00000000d6c80000)
  to   space 1536K, 0% used [0x00000000d6980000,0x00000000d6980000,0x00000000d6b00000)
 ParOldGen       total 614912K, used 26268K [0x0000000080000000, 0x00000000a5880000, 0x00000000d5580000)
  object space 614912K, 4% used [0x0000000080000000,0x00000000819a73c0,0x00000000a5880000)
 Metaspace       used 34783K, committed 35840K, reserved 1114112K
  class space    used 3592K, committed 4096K, reserved 1048576K
}
Event: 13.813 GC heap after
{Heap after GC invocations=382 (full 2):
 PSYoungGen      total 20480K, used 0K [0x00000000d5580000, 0x00000000d6c80000, 0x0000000100000000)
  eden space 19968K, 0% used [0x00000000d5580000,0x00000000d5580000,0x00000000d6900000)
  from space 512K, 0% used [0x00000000d6c00000,0x00000000d6c00000,0x00000000d6c80000)
  to   space 1536K, 0% used [0x00000000d6980000,0x00000000d6980000,0x00000000d6b00000)
 ParOldGen       total 614912K, used 19297K [0x0000000080000000, 0x00000000a5880000, 0x00000000d5580000)
  object space 614912K, 3% used [0x0000000080000000,0x00000000812d8748,0x00000000a5880000)
 Metaspace       used 34773K, committed 35840K, reserved 1114112K
  class space    used 3589K, committed 4096K, reserved 1048576K
}
Event: 14.037 GC heap before
{Heap before GC invocations=383 (full 2):
 PSYoungGen      total 20480K, used 19968K [0x00000000d5580000, 0x00000000d6c80000, 0x0000000100000000)
  eden space 19968K, 100% used [0x00000000d5580000,0x00000000d6900000,0x00000000d6900000)
  from space 512K, 0% used [0x00000000d6c00000,0x00000000d6c00000,0x00000000d6c80000)
  to   space 1536K, 0% used [0x00000000d6980000,0x00000000d6980000,0x00000000d6b00000)
 ParOldGen       total 614912K, used 19297K [0x0000000080000000, 0x00000000a5880000, 0x00000000d5580000)
  object space 614912K, 3% used [0x0000000080000000,0x00000000812d8748,0x00000000a5880000)
 Metaspace       used 36285K, committed 37376K, reserved 1114112K
  class space    used 3793K, committed 4288K, reserved 1048576K
}
Event: 14.039 GC heap after
{Heap after GC invocations=383 (full 2):
 PSYoungGen      total 21504K, used 1184K [0x00000000d5580000, 0x00000000d6c80000, 0x0000000100000000)
  eden space 19968K, 0% used [0x00000000d5580000,0x00000000d5580000,0x00000000d6900000)
  from space 1536K, 77% used [0x00000000d6980000,0x00000000d6aa8000,0x00000000d6b00000)
  to   space 1536K, 0% used [0x00000000d6b00000,0x00000000d6b00000,0x00000000d6c80000)
 ParOldGen       total 614912K, used 19305K [0x0000000080000000, 0x00000000a5880000, 0x00000000d5580000)
  object space 614912K, 3% used [0x0000000080000000,0x00000000812da748,0x00000000a5880000)
 Metaspace       used 36285K, committed 37376K, reserved 1114112K
  class space    used 3793K, committed 4288K, reserved 1048576K
}
Event: 14.292 GC heap before
{Heap before GC invocations=384 (full 2):
 PSYoungGen      total 21504K, used 21152K [0x00000000d5580000, 0x00000000d6c80000, 0x0000000100000000)
  eden space 19968K, 100% used [0x00000000d5580000,0x00000000d6900000,0x00000000d6900000)
  from space 1536K, 77% used [0x00000000d6980000,0x00000000d6aa8000,0x00000000d6b00000)
  to   space 1536K, 0% used [0x00000000d6b00000,0x00000000d6b00000,0x00000000d6c80000)
 ParOldGen       total 614912K, used 19305K [0x0000000080000000, 0x00000000a5880000, 0x00000000d5580000)
  object space 614912K, 3% used [0x0000000080000000,0x00000000812da748,0x00000000a5880000)
 Metaspace       used 37833K, committed 38848K, reserved 1114112K
  class space    used 3995K, committed 4416K, reserved 1048576K
}
Event: 14.294 GC heap after
{Heap after GC invocations=384 (full 2):
 PSYoungGen      total 20992K, used 608K [0x00000000d5580000, 0x00000000d6c00000, 0x0000000100000000)
  eden space 19968K, 0% used [0x00000000d5580000,0x00000000d5580000,0x00000000d6900000)
  from space 1024K, 59% used [0x00000000d6b00000,0x00000000d6b98000,0x00000000d6c00000)
  to   space 1024K, 0% used [0x00000000d6a00000,0x00000000d6a00000,0x00000000d6b00000)
 ParOldGen       total 614912K, used 20273K [0x0000000080000000, 0x00000000a5880000, 0x00000000d5580000)
  object space 614912K, 3% used [0x0000000080000000,0x00000000813cc758,0x00000000a5880000)
 Metaspace       used 37833K, committed 38848K, reserved 1114112K
  class space    used 3995K, committed 4416K, reserved 1048576K
}
Event: 14.614 GC heap before
{Heap before GC invocations=385 (full 2):
 PSYoungGen      total 20992K, used 20576K [0x00000000d5580000, 0x00000000d6c00000, 0x0000000100000000)
  eden space 19968K, 100% used [0x00000000d5580000,0x00000000d6900000,0x00000000d6900000)
  from space 1024K, 59% used [0x00000000d6b00000,0x00000000d6b98000,0x00000000d6c00000)
  to   space 1024K, 0% used [0x00000000d6a00000,0x00000000d6a00000,0x00000000d6b00000)
 ParOldGen       total 614912K, used 20273K [0x0000000080000000, 0x00000000a5880000, 0x00000000d5580000)
  object space 614912K, 3% used [0x0000000080000000,0x00000000813cc758,0x00000000a5880000)
 Metaspace       used 40106K, committed 41152K, reserved 1114112K
  class space    used 4283K, committed 4736K, reserved 1048576K
}
Event: 14.615 GC heap after
{Heap after GC invocations=385 (full 2):
 PSYoungGen      total 20992K, used 1024K [0x00000000d5580000, 0x00000000d6d00000, 0x0000000100000000)
  eden space 19968K, 0% used [0x00000000d5580000,0x00000000d5580000,0x00000000d6900000)
  from space 1024K, 100% used [0x00000000d6a00000,0x00000000d6b00000,0x00000000d6b00000)
  to   space 2048K, 0% used [0x00000000d6b00000,0x00000000d6b00000,0x00000000d6d00000)
 ParOldGen       total 614912K, used 20713K [0x0000000080000000, 0x00000000a5880000, 0x00000000d5580000)
  object space 614912K, 3% used [0x0000000080000000,0x000000008143a758,0x00000000a5880000)
 Metaspace       used 40106K, committed 41152K, reserved 1114112K
  class space    used 4283K, committed 4736K, reserved 1048576K
}
Event: 15.059 GC heap before
{Heap before GC invocations=386 (full 2):
 PSYoungGen      total 20992K, used 20992K [0x00000000d5580000, 0x00000000d6d00000, 0x0000000100000000)
  eden space 19968K, 100% used [0x00000000d5580000,0x00000000d6900000,0x00000000d6900000)
  from space 1024K, 100% used [0x00000000d6a00000,0x00000000d6b00000,0x00000000d6b00000)
  to   space 2048K, 0% used [0x00000000d6b00000,0x00000000d6b00000,0x00000000d6d00000)
 ParOldGen       total 614912K, used 20713K [0x0000000080000000, 0x00000000a5880000, 0x00000000d5580000)
  object space 614912K, 3% used [0x0000000080000000,0x000000008143a758,0x00000000a5880000)
 Metaspace       used 42387K, committed 43392K, reserved 1114112K
  class space    used 4598K, committed 5056K, reserved 1048576K
}
Event: 15.060 GC heap after
{Heap after GC invocations=386 (full 2):
 PSYoungGen      total 21504K, used 1312K [0x00000000d5580000, 0x00000000d6c80000, 0x0000000100000000)
  eden space 19968K, 0% used [0x00000000d5580000,0x00000000d5580000,0x00000000d6900000)
  from space 1536K, 85% used [0x00000000d6b00000,0x00000000d6c48000,0x00000000d6c80000)
  to   space 1536K, 0% used [0x00000000d6980000,0x00000000d6980000,0x00000000d6b00000)
 ParOldGen       total 614912K, used 21549K [0x0000000080000000, 0x00000000a5880000, 0x00000000d5580000)
  object space 614912K, 3% used [0x0000000080000000,0x000000008150b468,0x00000000a5880000)
 Metaspace       used 42387K, committed 43392K, reserved 1114112K
  class space    used 4598K, committed 5056K, reserved 1048576K
}
Event: 15.515 GC heap before
{Heap before GC invocations=387 (full 2):
 PSYoungGen      total 21504K, used 21280K [0x00000000d5580000, 0x00000000d6c80000, 0x0000000100000000)
  eden space 19968K, 100% used [0x00000000d5580000,0x00000000d6900000,0x00000000d6900000)
  from space 1536K, 85% used [0x00000000d6b00000,0x00000000d6c48000,0x00000000d6c80000)
  to   space 1536K, 0% used [0x00000000d6980000,0x00000000d6980000,0x00000000d6b00000)
 ParOldGen       total 614912K, used 21549K [0x0000000080000000, 0x00000000a5880000, 0x00000000d5580000)
  object space 614912K, 3% used [0x0000000080000000,0x000000008150b468,0x00000000a5880000)
 Metaspace       used 44309K, committed 45440K, reserved 1114112K
  class space    used 4824K, committed 5312K, reserved 1048576K
}
Event: 15.518 GC heap after
{Heap after GC invocations=387 (full 2):
 PSYoungGen      total 21504K, used 1250K [0x00000000d5580000, 0x00000000d6c00000, 0x0000000100000000)
  eden space 19968K, 0% used [0x00000000d5580000,0x00000000d5580000,0x00000000d6900000)
  from space 1536K, 81% used [0x00000000d6980000,0x00000000d6ab8a20,0x00000000d6b00000)
  to   space 1024K, 0% used [0x00000000d6b00000,0x00000000d6b00000,0x00000000d6c00000)
 ParOldGen       total 614912K, used 22665K [0x0000000080000000, 0x00000000a5880000, 0x00000000d5580000)
  object space 614912K, 3% used [0x0000000080000000,0x0000000081622478,0x00000000a5880000)
 Metaspace       used 44309K, committed 45440K, reserved 1114112K
  class space    used 4824K, committed 5312K, reserved 1048576K
}
Event: 15.578 GC heap before
{Heap before GC invocations=388 (full 2):
 PSYoungGen      total 21504K, used 21218K [0x00000000d5580000, 0x00000000d6c00000, 0x0000000100000000)
  eden space 19968K, 100% used [0x00000000d5580000,0x00000000d6900000,0x00000000d6900000)
  from space 1536K, 81% used [0x00000000d6980000,0x00000000d6ab8a20,0x00000000d6b00000)
  to   space 1024K, 0% used [0x00000000d6b00000,0x00000000d6b00000,0x00000000d6c00000)
 ParOldGen       total 614912K, used 22665K [0x0000000080000000, 0x00000000a5880000, 0x00000000d5580000)
  object space 614912K, 3% used [0x0000000080000000,0x0000000081622478,0x00000000a5880000)
 Metaspace       used 44316K, committed 45440K, reserved 1114112K
  class space    used 4824K, committed 5312K, reserved 1048576K
}
Event: 15.582 GC heap after
{Heap after GC invocations=388 (full 2):
 PSYoungGen      total 20992K, used 1024K [0x00000000d5580000, 0x00000000d6c00000, 0x0000000100000000)
  eden space 19968K, 0% used [0x00000000d5580000,0x00000000d5580000,0x00000000d6900000)
  from space 1024K, 100% used [0x00000000d6b00000,0x00000000d6c00000,0x00000000d6c00000)
  to   space 1536K, 0% used [0x00000000d6980000,0x00000000d6980000,0x00000000d6b00000)
 ParOldGen       total 614912K, used 24599K [0x0000000080000000, 0x00000000a5880000, 0x00000000d5580000)
  object space 614912K, 4% used [0x0000000080000000,0x0000000081805c58,0x00000000a5880000)
 Metaspace       used 44316K, committed 45440K, reserved 1114112K
  class space    used 4824K, committed 5312K, reserved 1048576K
}
Event: 15.621 GC heap before
{Heap before GC invocations=389 (full 2):
 PSYoungGen      total 20992K, used 20992K [0x00000000d5580000, 0x00000000d6c00000, 0x0000000100000000)
  eden space 19968K, 100% used [0x00000000d5580000,0x00000000d6900000,0x00000000d6900000)
  from space 1024K, 100% used [0x00000000d6b00000,0x00000000d6c00000,0x00000000d6c00000)
  to   space 1536K, 0% used [0x00000000d6980000,0x00000000d6980000,0x00000000d6b00000)
 ParOldGen       total 614912K, used 24599K [0x0000000080000000, 0x00000000a5880000, 0x00000000d5580000)
  object space 614912K, 4% used [0x0000000080000000,0x0000000081805c58,0x00000000a5880000)
 Metaspace       used 44317K, committed 45440K, reserved 1114112K
  class space    used 4824K, committed 5312K, reserved 1048576K
}
Event: 15.625 GC heap after
{Heap after GC invocations=389 (full 2):
 PSYoungGen      total 21504K, used 1536K [0x00000000d5580000, 0x00000000d6c00000, 0x0000000100000000)
  eden space 19968K, 0% used [0x00000000d5580000,0x00000000d5580000,0x00000000d6900000)
  from space 1536K, 100% used [0x00000000d6980000,0x00000000d6b00000,0x00000000d6b00000)
  to   space 1024K, 0% used [0x00000000d6b00000,0x00000000d6b00000,0x00000000d6c00000)
 ParOldGen       total 614912K, used 28080K [0x0000000080000000, 0x00000000a5880000, 0x00000000d5580000)
  object space 614912K, 4% used [0x0000000080000000,0x0000000081b6c048,0x00000000a5880000)
 Metaspace       used 44317K, committed 45440K, reserved 1114112K
  class space    used 4824K, committed 5312K, reserved 1048576K
}
Event: 15.681 GC heap before
{Heap before GC invocations=390 (full 2):
 PSYoungGen      total 21504K, used 21504K [0x00000000d5580000, 0x00000000d6c00000, 0x0000000100000000)
  eden space 19968K, 100% used [0x00000000d5580000,0x00000000d6900000,0x00000000d6900000)
  from space 1536K, 100% used [0x00000000d6980000,0x00000000d6b00000,0x00000000d6b00000)
  to   space 1024K, 0% used [0x00000000d6b00000,0x00000000d6b00000,0x00000000d6c00000)
 ParOldGen       total 614912K, used 28080K [0x0000000080000000, 0x00000000a5880000, 0x00000000d5580000)
  object space 614912K, 4% used [0x0000000080000000,0x0000000081b6c048,0x00000000a5880000)
 Metaspace       used 44324K, committed 45440K, reserved 1114112K
  class space    used 4824K, committed 5312K, reserved 1048576K
}
Event: 15.683 GC heap after
{Heap after GC invocations=390 (full 2):
 PSYoungGen      total 20480K, used 816K [0x00000000d5580000, 0x00000000d6e00000, 0x0000000100000000)
  eden space 19456K, 0% used [0x00000000d5580000,0x00000000d5580000,0x00000000d6880000)
  from space 1024K, 79% used [0x00000000d6b00000,0x00000000d6bcc010,0x00000000d6c00000)
  to   space 2560K, 0% used [0x00000000d6880000,0x00000000d6880000,0x00000000d6b00000)
 ParOldGen       total 614912K, used 28952K [0x0000000080000000, 0x00000000a5880000, 0x00000000d5580000)
  object space 614912K, 4% used [0x0000000080000000,0x0000000081c46120,0x00000000a5880000)
 Metaspace       used 44324K, committed 45440K, reserved 1114112K
  class space    used 4824K, committed 5312K, reserved 1048576K
}

