# JRE version: OpenJDK Runtime Environment Temurin-21.0.10+7 (21.0.10+7) (build 21.0.10+7-LTS)
# Java VM: OpenJDK 64-Bit Server VM Temurin-21.0.10+7 (21.0.10+7-LTS, mixed mode, sharing, tiered, compressed oops, compressed class ptrs, parallel gc, windows-amd64)
GC Precious Log:
 CardTable entry size: 512
 CPUs: 12 total, 12 available
 Memory: 16160M
 Large Page Support: Disabled
 NUMA Support: Disabled
 Compressed Oops: Enabled (32-bit)
 Alignments: Space 512K, Generation 512K, Heap 2M
 Heap Min Capacity: 100M
 Heap Initial Capacity: 100M
 Heap Max Capacity: 2G
 Pre-touch: Disabled
 Parallel Workers: 10
Heap:
 PSYoungGen      total 17920K, used 17856K [0x00000000d5580000, 0x00000000d6d00000, 0x0000000100000000)
  eden space 13312K, 100% used [0x00000000d5580000,0x00000000d6280000,0x00000000d6280000)
  from space 4608K, 98% used [0x00000000d6880000,0x00000000d6cf0030,0x00000000d6d00000)
  to   space 5120K, 70% used [0x00000000d6300000,0x00000000d6680000,0x00000000d6800000)
 ParOldGen       total 126464K, used 126214K [0x0000000080000000, 0x0000000087b80000, 0x00000000d5580000)
  object space 126464K, 99% used [0x0000000080000000,0x0000000087b41940,0x0000000087b80000)
 Metaspace       used 49921K, committed 51008K, reserved 1114112K
  class space    used 5467K, committed 5952K, reserved 1048576K
GC Heap History (20 events):
Event: 42.214 GC heap before
{Heap before GC invocations=135 (full 2):
 PSYoungGen      total 16384K, used 16000K [0x00000000d5580000, 0x00000000d6980000, 0x0000000100000000)
  eden space 13312K, 100% used [0x00000000d5580000,0x00000000d6280000,0x00000000d6280000)
  from space 3072K, 87% used [0x00000000d6680000,0x00000000d6920000,0x00000000d6980000)
  to   space 3584K, 0% used [0x00000000d6280000,0x00000000d6280000,0x00000000d6600000)
 ParOldGen       total 115712K, used 115449K [0x0000000080000000, 0x0000000087100000, 0x00000000d5580000)
  object space 115712K, 99% used [0x0000000080000000,0x00000000870be708,0x0000000087100000)
 Metaspace       used 49921K, committed 51008K, reserved 1114112K
  class space    used 5467K, committed 5952K, reserved 1048576K
}
Event: 42.217 GC heap after
{Heap after GC invocations=135 (full 2):
 PSYoungGen      total 15360K, used 1760K [0x00000000d5580000, 0x00000000d6780000, 0x0000000100000000)
  eden space 13312K, 0% used [0x00000000d5580000,0x00000000d5580000,0x00000000d6280000)
  from space 2048K, 85% used [0x00000000d6280000,0x00000000d6438000,0x00000000d6480000)
  to   space 2560K, 0% used [0x00000000d6500000,0x00000000d6500000,0x00000000d6780000)
 ParOldGen       total 116224K, used 115846K [0x0000000080000000, 0x0000000087180000, 0x00000000d5580000)
  object space 116224K, 99% used [0x0000000080000000,0x0000000087121978,0x0000000087180000)
 Metaspace       used 49921K, committed 51008K, reserved 1114112K
  class space    used 5467K, committed 5952K, reserved 1048576K
}
Event: 42.252 GC heap before
{Heap before GC invocations=136 (full 2):
 PSYoungGen      total 15360K, used 15072K [0x00000000d5580000, 0x00000000d6780000, 0x0000000100000000)
  eden space 13312K, 100% used [0x00000000d5580000,0x00000000d6280000,0x00000000d6280000)
  from space 2048K, 85% used [0x00000000d6280000,0x00000000d6438000,0x00000000d6480000)
  to   space 2560K, 0% used [0x00000000d6500000,0x00000000d6500000,0x00000000d6780000)
 ParOldGen       total 116224K, used 115846K [0x0000000080000000, 0x0000000087180000, 0x00000000d5580000)
  object space 116224K, 99% used [0x0000000080000000,0x0000000087121978,0x0000000087180000)
 Metaspace       used 49921K, committed 51008K, reserved 1114112K
  class space    used 5467K, committed 5952K, reserved 1048576K
}
Event: 42.254 GC heap after
{Heap after GC invocations=136 (full 2):
 PSYoungGen      total 14336K, used 992K [0x00000000d5580000, 0x00000000d6600000, 0x0000000100000000)
  eden space 13312K, 0% used [0x00000000d5580000,0x00000000d5580000,0x00000000d6280000)
  from space 1024K, 96% used [0x00000000d6500000,0x00000000d65f8000,0x00000000d6600000)
  to   space 1536K, 0% used [0x00000000d6300000,0x00000000d6300000,0x00000000d6480000)
 ParOldGen       total 116224K, used 116222K [0x0000000080000000, 0x0000000087180000, 0x00000000d5580000)
  object space 116224K, 99% used [0x0000000080000000,0x000000008717fb88,0x0000000087180000)
 Metaspace       used 49921K, committed 51008K, reserved 1114112K
  class space    used 5467K, committed 5952K, reserved 1048576K
}
Event: 42.293 GC heap before
{Heap before GC invocations=137 (full 2):
 PSYoungGen      total 14336K, used 14303K [0x00000000d5580000, 0x00000000d6600000, 0x0000000100000000)
  eden space 13312K, 99% used [0x00000000d5580000,0x00000000d627ffe8,0x00000000d6280000)
  from space 1024K, 96% used [0x00000000d6500000,0x00000000d65f8000,0x00000000d6600000)
  to   space 1536K, 0% used [0x00000000d6300000,0x00000000d6300000,0x00000000d6480000)
 ParOldGen       total 116224K, used 116222K [0x0000000080000000, 0x0000000087180000, 0x00000000d5580000)
  object space 116224K, 99% used [0x0000000080000000,0x000000008717fb88,0x0000000087180000)
 Metaspace       used 49921K, committed 51008K, reserved 1114112K
  class space    used 5467K, committed 5952K, reserved 1048576K
}
Event: 42.298 GC heap after
{Heap after GC invocations=137 (full 2):
 PSYoungGen      total 14848K, used 1520K [0x00000000d5580000, 0x00000000d6e80000, 0x0000000100000000)
  eden space 13312K, 0% used [0x00000000d5580000,0x00000000d5580000,0x00000000d6280000)
  from space 1536K, 98% used [0x00000000d6300000,0x00000000d647c018,0x00000000d6480000)
  to   space 6144K, 0% used [0x00000000d6880000,0x00000000d6880000,0x00000000d6e80000)
 ParOldGen       total 120320K, used 119832K [0x0000000080000000, 0x0000000087580000, 0x00000000d5580000)
  object space 120320K, 99% used [0x0000000080000000,0x0000000087506308,0x0000000087580000)
 Metaspace       used 49921K, committed 51008K, reserved 1114112K
  class space    used 5467K, committed 5952K, reserved 1048576K
}
Event: 42.319 GC heap before
{Heap before GC invocations=138 (full 2):
 PSYoungGen      total 14848K, used 14832K [0x00000000d5580000, 0x00000000d6e80000, 0x0000000100000000)
  eden space 13312K, 100% used [0x00000000d5580000,0x00000000d6280000,0x00000000d6280000)
  from space 1536K, 98% used [0x00000000d6300000,0x00000000d647c018,0x00000000d6480000)
  to   space 6144K, 0% used [0x00000000d6880000,0x00000000d6880000,0x00000000d6e80000)
 ParOldGen       total 120320K, used 119832K [0x0000000080000000, 0x0000000087580000, 0x00000000d5580000)
  object space 120320K, 99% used [0x0000000080000000,0x0000000087506308,0x0000000087580000)
 Metaspace       used 49921K, committed 51008K, reserved 1114112K
  class space    used 5467K, committed 5952K, reserved 1048576K
}
Event: 42.323 GC heap after
{Heap after GC invocations=138 (full 2):
 PSYoungGen      total 17920K, used 4336K [0x00000000d5580000, 0x00000000d6d00000, 0x0000000100000000)
  eden space 13312K, 0% used [0x00000000d5580000,0x00000000d5580000,0x00000000d6280000)
  from space 4608K, 94% used [0x00000000d6880000,0x00000000d6cbc018,0x00000000d6d00000)
  to   space 4608K, 0% used [0x00000000d6400000,0x00000000d6400000,0x00000000d6880000)
 ParOldGen       total 120320K, used 120189K [0x0000000080000000, 0x0000000087580000, 0x00000000d5580000)
  object space 120320K, 99% used [0x0000000080000000,0x000000008755f458,0x0000000087580000)
 Metaspace       used 49921K, committed 51008K, reserved 1114112K
  class space    used 5467K, committed 5952K, reserved 1048576K
}
Event: 42.339 GC heap before
{Heap before GC invocations=139 (full 2):
 PSYoungGen      total 17920K, used 17648K [0x00000000d5580000, 0x00000000d6d00000, 0x0000000100000000)
  eden space 13312K, 100% used [0x00000000d5580000,0x00000000d6280000,0x00000000d6280000)
  from space 4608K, 94% used [0x00000000d6880000,0x00000000d6cbc018,0x00000000d6d00000)
  to   space 4608K, 0% used [0x00000000d6400000,0x00000000d6400000,0x00000000d6880000)
 ParOldGen       total 120320K, used 120189K [0x0000000080000000, 0x0000000087580000, 0x00000000d5580000)
  object space 120320K, 99% used [0x0000000080000000,0x000000008755f458,0x0000000087580000)
 Metaspace       used 49921K, committed 51008K, reserved 1114112K
  class space    used 5467K, committed 5952K, reserved 1048576K
}
Event: 42.342 GC heap after
{Heap after GC invocations=139 (full 2):
 PSYoungGen      total 16896K, used 3440K [0x00000000d5580000, 0x00000000d6a80000, 0x0000000100000000)
  eden space 13312K, 0% used [0x00000000d5580000,0x00000000d5580000,0x00000000d6280000)
  from space 3584K, 95% used [0x00000000d6400000,0x00000000d675c018,0x00000000d6780000)
  to   space 3072K, 0% used [0x00000000d6780000,0x00000000d6780000,0x00000000d6a80000)
 ParOldGen       total 120832K, used 120605K [0x0000000080000000, 0x0000000087600000, 0x00000000d5580000)
  object space 120832K, 99% used [0x0000000080000000,0x00000000875c7710,0x0000000087600000)
 Metaspace       used 49921K, committed 51008K, reserved 1114112K
  class space    used 5467K, committed 5952K, reserved 1048576K
}
Event: 42.383 GC heap before
{Heap before GC invocations=140 (full 2):
 PSYoungGen      total 16896K, used 16752K [0x00000000d5580000, 0x00000000d6a80000, 0x0000000100000000)
  eden space 13312K, 100% used [0x00000000d5580000,0x00000000d6280000,0x00000000d6280000)
  from space 3584K, 95% used [0x00000000d6400000,0x00000000d675c018,0x00000000d6780000)
  to   space 3072K, 0% used [0x00000000d6780000,0x00000000d6780000,0x00000000d6a80000)
 ParOldGen       total 120832K, used 120605K [0x0000000080000000, 0x0000000087600000, 0x00000000d5580000)
  object space 120832K, 99% used [0x0000000080000000,0x00000000875c7710,0x0000000087600000)
 Metaspace       used 49921K, committed 51008K, reserved 1114112K
  class space    used 5467K, committed 5952K, reserved 1048576K
}
Event: 42.386 GC heap after
{Heap after GC invocations=140 (full 2):
 PSYoungGen      total 16384K, used 2720K [0x00000000d5580000, 0x00000000d6a80000, 0x0000000100000000)
  eden space 13312K, 0% used [0x00000000d5580000,0x00000000d5580000,0x00000000d6280000)
  from space 3072K, 88% used [0x00000000d6780000,0x00000000d6a28000,0x00000000d6a80000)
  to   space 3072K, 0% used [0x00000000d6480000,0x00000000d6480000,0x00000000d6780000)
 ParOldGen       total 121344K, used 120966K [0x0000000080000000, 0x0000000087680000, 0x00000000d5580000)
  object space 121344K, 99% used [0x0000000080000000,0x0000000087621980,0x0000000087680000)
 Metaspace       used 49921K, committed 51008K, reserved 1114112K
  class space    used 5467K, committed 5952K, reserved 1048576K
}
Event: 42.455 GC heap before
{Heap before GC invocations=141 (full 2):
 PSYoungGen      total 16384K, used 16032K [0x00000000d5580000, 0x00000000d6a80000, 0x0000000100000000)
  eden space 13312K, 100% used [0x00000000d5580000,0x00000000d6280000,0x00000000d6280000)
  from space 3072K, 88% used [0x00000000d6780000,0x00000000d6a28000,0x00000000d6a80000)
  to   space 3072K, 0% used [0x00000000d6480000,0x00000000d6480000,0x00000000d6780000)
 ParOldGen       total 121344K, used 120966K [0x0000000080000000, 0x0000000087680000, 0x00000000d5580000)
  object space 121344K, 99% used [0x0000000080000000,0x0000000087621980,0x0000000087680000)
 Metaspace       used 49921K, committed 51008K, reserved 1114112K
  class space    used 5467K, committed 5952K, reserved 1048576K
}
Event: 42.464 GC heap after
{Heap after GC invocations=141 (full 2):
 PSYoungGen      total 15360K, used 1888K [0x00000000d5580000, 0x00000000d6800000, 0x0000000100000000)
  eden space 13312K, 0% used [0x00000000d5580000,0x00000000d5580000,0x00000000d6280000)
  from space 2048K, 92% used [0x00000000d6480000,0x00000000d6658000,0x00000000d6680000)
  to   space 1536K, 0% used [0x00000000d6680000,0x00000000d6680000,0x00000000d6800000)
 ParOldGen       total 121856K, used 121387K [0x0000000080000000, 0x0000000087700000, 0x00000000d5580000)
  object space 121856K, 99% used [0x0000000080000000,0x000000008768ac68,0x0000000087700000)
 Metaspace       used 49921K, committed 51008K, reserved 1114112K
  class space    used 5467K, committed 5952K, reserved 1048576K
}
Event: 42.538 GC heap before
{Heap before GC invocations=142 (full 2):
 PSYoungGen      total 15360K, used 15200K [0x00000000d5580000, 0x00000000d6800000, 0x0000000100000000)
  eden space 13312K, 100% used [0x00000000d5580000,0x00000000d6280000,0x00000000d6280000)
  from space 2048K, 92% used [0x00000000d6480000,0x00000000d6658000,0x00000000d6680000)
  to   space 1536K, 0% used [0x00000000d6680000,0x00000000d6680000,0x00000000d6800000)
 ParOldGen       total 121856K, used 121387K [0x0000000080000000, 0x0000000087700000, 0x00000000d5580000)
  object space 121856K, 99% used [0x0000000080000000,0x000000008768ac68,0x0000000087700000)
 Metaspace       used 49921K, committed 51008K, reserved 1114112K
  class space    used 5467K, committed 5952K, reserved 1048576K
}
Event: 42.540 GC heap after
{Heap after GC invocations=142 (full 2):
 PSYoungGen      total 14336K, used 896K [0x00000000d5580000, 0x00000000d6780000, 0x0000000100000000)
  eden space 13312K, 0% used [0x00000000d5580000,0x00000000d5580000,0x00000000d6280000)
  from space 1024K, 87% used [0x00000000d6680000,0x00000000d6760000,0x00000000d6780000)
  to   space 1536K, 0% used [0x00000000d6480000,0x00000000d6480000,0x00000000d6600000)
 ParOldGen       total 121856K, used 121743K [0x0000000080000000, 0x0000000087700000, 0x00000000d5580000)
  object space 121856K, 99% used [0x0000000080000000,0x00000000876e3e60,0x0000000087700000)
 Metaspace       used 49921K, committed 51008K, reserved 1114112K
  class space    used 5467K, committed 5952K, reserved 1048576K
}
Event: 42.584 GC heap before
{Heap before GC invocations=143 (full 2):
 PSYoungGen      total 14336K, used 14208K [0x00000000d5580000, 0x00000000d6780000, 0x0000000100000000)
  eden space 13312K, 100% used [0x00000000d5580000,0x00000000d6280000,0x00000000d6280000)
  from space 1024K, 87% used [0x00000000d6680000,0x00000000d6760000,0x00000000d6780000)
  to   space 1536K, 0% used [0x00000000d6480000,0x00000000d6480000,0x00000000d6600000)
 ParOldGen       total 121856K, used 121743K [0x0000000080000000, 0x0000000087700000, 0x00000000d5580000)
  object space 121856K, 99% used [0x0000000080000000,0x00000000876e3e60,0x0000000087700000)
 Metaspace       used 49921K, committed 51008K, reserved 1114112K
  class space    used 5467K, committed 5952K, reserved 1048576K
}
Event: 42.588 GC heap after
{Heap after GC invocations=143 (full 2):
 PSYoungGen      total 14848K, used 1536K [0x00000000d5580000, 0x00000000d6e80000, 0x0000000100000000)
  eden space 13312K, 0% used [0x00000000d5580000,0x00000000d5580000,0x00000000d6280000)
  from space 1536K, 100% used [0x00000000d6480000,0x00000000d6600000,0x00000000d6600000)
  to   space 6144K, 0% used [0x00000000d6880000,0x00000000d6880000,0x00000000d6e80000)
 ParOldGen       total 125952K, used 125449K [0x0000000080000000, 0x0000000087b00000, 0x00000000d5580000)
  object space 125952K, 99% used [0x0000000080000000,0x0000000087a82640,0x0000000087b00000)
 Metaspace       used 49921K, committed 51008K, reserved 1114112K
  class space    used 5467K, committed 5952K, reserved 1048576K
}
Event: 42.622 GC heap before
{Heap before GC invocations=144 (full 2):
 PSYoungGen      total 14848K, used 14848K [0x00000000d5580000, 0x00000000d6e80000, 0x0000000100000000)
  eden space 13312K, 100% used [0x00000000d5580000,0x00000000d6280000,0x00000000d6280000)
  from space 1536K, 100% used [0x00000000d6480000,0x00000000d6600000,0x00000000d6600000)
  to   space 6144K, 0% used [0x00000000d6880000,0x00000000d6880000,0x00000000d6e80000)
 ParOldGen       total 125952K, used 125449K [0x0000000080000000, 0x0000000087b00000, 0x00000000d5580000)
  object space 125952K, 99% used [0x0000000080000000,0x0000000087a82640,0x0000000087b00000)
 Metaspace       used 49921K, committed 51008K, reserved 1114112K
  class space    used 5467K, committed 5952K, reserved 1048576K
}
Event: 42.629 GC heap after
{Heap after GC invocations=144 (full 2):
 PSYoungGen      total 17920K, used 4544K [0x00000000d5580000, 0x00000000d6d00000, 0x0000000100000000)
  eden space 13312K, 0% used [0x00000000d5580000,0x00000000d5580000,0x00000000d6280000)
  from space 4608K, 98% used [0x00000000d6880000,0x00000000d6cf0030,0x00000000d6d00000)
  to   space 5120K, 0% used [0x00000000d6300000,0x00000000d6300000,0x00000000d6800000)
 ParOldGen       total 125952K, used 125909K [0x0000000080000000, 0x0000000087b00000, 0x00000000d5580000)
  object space 125952K, 99% used [0x0000000080000000,0x0000000087af57a8,0x0000000087b00000)
 Metaspace       used 49921K, committed 51008K, reserved 1114112K
  class space    used 5467K, committed 5952K, reserved 1048576K
}

