<?xml version="1.0" encoding="UTF-8"?>
<testsuite xmlns:xsi="http://www.w3.org/2001/XMLSchema-instance" xsi:noNamespaceSchemaLocation="https://maven.apache.org/surefire/maven-surefire-plugin/xsd/surefire-test-report-3.0.xsd" version="3.0" name="com.projectmission.controller.AuthControllerTest" time="8.795" tests="4" errors="0" skipped="0" failures="0">
  <properties>
[...]
</properties>
  <testcase name="testLoginSuccess" classname="com.projectmission.controller.AuthControllerTest" time="0.519">
    <system-out><![CDATA[23:31:33.723 [main] INFO org.springframework.test.context.support.AnnotationConfigContextLoaderUtils -- Could not detect default configuration classes for test class [com.projectmission.controller.AuthControllerTest]: AuthControllerTest does not declare any static, non-private, non-final, nested classes annotated with @Configuration.
23:31:34.039 [main] INFO org.springframework.boot.test.context.SpringBootTestContextBootstrapper -- Found @SpringBootConfiguration com.projectmission.ProjectMissionApplication for test class com.projectmission.controller.AuthControllerTest

  .   ____          _            __ _ _
 /\\ / ___'_ __ _ _(_)_ __  __ _ \ \ \ \
( ( )\___ | '_ | '_| | '_ \/ _` | \ \ \ \
 \\/  ___)| |_)| | | | | || (_| |  ) ) ) )
  '  |____| .__|_| |_|_| |_\__, | / / / /
 =========|_|==============|___/=/_/_/_/
 :: Spring Boot ::                (v3.2.0)

2026-05-07T23:31:34.873+01:00  INFO 14538 --- [           main] c.p.controller.AuthControllerTest        : Starting AuthControllerTest using Java 17.0.1 with PID 14538 (started by digitalberry in /home/digitalberry/IdeaProjects/projectmission)
2026-05-07T23:31:34.886+01:00  INFO 14538 --- [           main] c.p.controller.AuthControllerTest        : No active profile set, falling back to 1 default profile: "default"
2026-05-07T23:31:41.040+01:00  WARN 14538 --- [           main] .s.s.UserDetailsServiceAutoConfiguration : 

Using generated security password: 1d635950-7df6-487c-963d-f960f650a74d

This generated password is for development use only. Your security configuration must be updated before running your application in production.

2026-05-07T23:31:41.350+01:00  INFO 14538 --- [           main] o.s.s.web.DefaultSecurityFilterChain     : Will secure any request with [org.springframework.security.web.session.DisableEncodeUrlFilter@2fb082ff, org.springframework.security.web.context.request.async.WebAsyncManagerIntegrationFilter@5a4c98d7, org.springframework.security.web.context.SecurityContextHolderFilter@38732372, org.springframework.security.web.header.HeaderWriterFilter@aca2fc3, org.springframework.web.filter.CorsFilter@668a32a4, org.springframework.security.web.csrf.CsrfFilter@11d2714a, org.springframework.security.web.authentication.logout.LogoutFilter@1c00d406, org.springframework.security.web.authentication.UsernamePasswordAuthenticationFilter@71dd4624, org.springframework.security.web.authentication.ui.DefaultLoginPageGeneratingFilter@590013c7, org.springframework.security.web.authentication.ui.DefaultLogoutPageGeneratingFilter@2026fbff, org.springframework.security.web.authentication.www.BasicAuthenticationFilter@12e5d3e1, org.springframework.security.web.savedrequest.RequestCacheAwareFilter@2fee69a1, org.springframework.security.web.servletapi.SecurityContextHolderAwareRequestFilter@4d25f816, org.springframework.security.web.authentication.AnonymousAuthenticationFilter@baa227e, org.springframework.security.web.access.ExceptionTranslationFilter@388f1258, org.springframework.security.web.access.intercept.AuthorizationFilter@19bf47fc]
2026-05-07T23:31:41.456+01:00  INFO 14538 --- [           main] o.s.b.t.m.w.SpringBootMockServletContext : Initializing Spring TestDispatcherServlet ''
2026-05-07T23:31:41.456+01:00  INFO 14538 --- [           main] o.s.t.web.servlet.TestDispatcherServlet  : Initializing Servlet ''
2026-05-07T23:31:41.458+01:00  INFO 14538 --- [           main] o.s.t.web.servlet.TestDispatcherServlet  : Completed initialization in 2 ms
2026-05-07T23:31:41.516+01:00  INFO 14538 --- [           main] c.p.controller.AuthControllerTest        : Started AuthControllerTest in 7.351 seconds (process running for 9.411)
2026-05-07T23:31:41.825+01:00  WARN 14538 --- [           main] o.s.w.s.h.HandlerMappingIntrospector     : Cache miss for REQUEST dispatch to '/api/auth/login' (previous null). Performing CorsConfiguration lookup. This is logged once only at WARN level, and every time at TRACE.
]]></system-out>
  </testcase>
  <testcase name="testLoginFailure" classname="com.projectmission.controller.AuthControllerTest" time="0.02"/>
  <testcase name="testRegisterEmailAlreadyExists" classname="com.projectmission.controller.AuthControllerTest" time="0.032"/>
  <testcase name="testRegisterSuccess" classname="com.projectmission.controller.AuthControllerTest" time="0.032"/>
</testsuite>